g:\gitwork\memory pool\x64\debug\vc143.pdb
g:\gitwork\memory pool\x64\debug\vc143.idb
g:\gitwork\memory pool\x64\debug\memory pool.obj
g:\gitwork\x64\debug\memory pool.exe
g:\gitwork\x64\debug\memory pool.pdb
g:\gitwork\memory pool\x64\debug\memory pool.ilk
g:\git work\memory pool\x64\debug\memory pool.obj
g:\git work\memory pool\x64\debug\memory pool.ilk
g:\git work\memory pool\x64\debug\vc143.idb
g:\git work\memory pool\x64\debug\vc143.pdb
g:\git work\x64\debug\memory pool.pdb
g:\git work\x64\debug\memory pool.exe
g:\git work\memory pool\x64\debug\memory pool.tlog\cl.command.1.tlog
g:\git work\memory pool\x64\debug\memory pool.tlog\cl.items.tlog
g:\git work\memory pool\x64\debug\memory pool.tlog\cl.read.1.tlog
g:\git work\memory pool\x64\debug\memory pool.tlog\cl.write.1.tlog
g:\git work\memory pool\x64\debug\memory pool.tlog\link.command.1.tlog
g:\git work\memory pool\x64\debug\memory pool.tlog\link.read.1.tlog
g:\git work\memory pool\x64\debug\memory pool.tlog\link.secondary.1.tlog
g:\git work\memory pool\x64\debug\memory pool.tlog\link.write.1.tlog
